{"C:\\Projects\\express-withts\\typescript.ts\\GenericConcepts.ts": {"path":"C:\\Projects\\express-withts\\typescript.ts\\GenericConcepts.ts","statementMap":{"0":{"start":{"line":10,"column":0},"end":{"line":10,"column":16}},"1":{"start":{"line":14,"column":0},"end":{"line":14,"column":16}},"2":{"start":{"line":11,"column":4},"end":{"line":11,"column":18}},"3":{"start":{"line":15,"column":2},"end":{"line":15,"column":16}}},"fnMap":{"0":{"name":"swap","decl":{"start":{"line":10,"column":16},"end":{"line":10,"column":20}},"loc":{"start":{"line":10,"column":32},"end":{"line":12,"column":1}}},"1":{"name":"getFirstElement","decl":{"start":{"line":14,"column":16},"end":{"line":14,"column":31}},"loc":{"start":{"line":14,"column":43},"end":{"line":16,"column":1}}}},"branchMap":{},"s":{"0":1,"1":1,"2":2,"3":2},"f":{"0":2,"1":2},"b":{}}
,"C:\\Projects\\express-withts\\typescript.ts\\conceptOfTs.ts": {"path":"C:\\Projects\\express-withts\\typescript.ts\\conceptOfTs.ts","statementMap":{"0":{"start":{"line":185,"column":0},"end":{"line":185,"column":16}},"1":{"start":{"line":225,"column":0},"end":{"line":225,"column":16}},"2":{"start":{"line":323,"column":0},"end":{"line":323,"column":16}},"3":{"start":{"line":328,"column":0},"end":{"line":328,"column":16}},"4":{"start":{"line":340,"column":0},"end":{"line":340,"column":16}},"5":{"start":{"line":15,"column":13},"end":{"line":36,"column":null}},"6":{"start":{"line":47,"column":13},"end":{"line":52,"column":2}},"7":{"start":{"line":62,"column":13},"end":{"line":66,"column":null}},"8":{"start":{"line":79,"column":13},"end":{"line":83,"column":2}},"9":{"start":{"line":95,"column":13},"end":{"line":98,"column":null}},"10":{"start":{"line":111,"column":13},"end":{"line":116,"column":null}},"11":{"start":{"line":123,"column":13},"end":{"line":123,"column":54}},"12":{"start":{"line":130,"column":13},"end":{"line":130,"column":53}},"13":{"start":{"line":138,"column":13},"end":{"line":138,"column":45}},"14":{"start":{"line":143,"column":4},"end":{"line":143,"column":34}},"15":{"start":{"line":148,"column":13},"end":{"line":150,"column":null}},"16":{"start":{"line":159,"column":4},"end":{"line":159,"column":24}},"17":{"start":{"line":168,"column":23},"end":{"line":168,"column":35}},"18":{"start":{"line":168,"column":44},"end":{"line":168,"column":55}},"19":{"start":{"line":177,"column":4},"end":{"line":177,"column":17}},"20":{"start":{"line":186,"column":4},"end":{"line":186,"column":30}},"21":{"start":{"line":204,"column":4},"end":{"line":204,"column":23}},"22":{"start":{"line":226,"column":4},"end":{"line":226,"column":20}},"23":{"start":{"line":229,"column":18},"end":{"line":229,"column":41}},"24":{"start":{"line":232,"column":17},"end":{"line":232,"column":33}},"25":{"start":{"line":233,"column":0},"end":{"line":233,"column":23}},"26":{"start":{"line":277,"column":8},"end":{"line":277,"column":25}},"27":{"start":{"line":281,"column":8},"end":{"line":281,"column":26}},"28":{"start":{"line":291,"column":18},"end":{"line":291,"column":38}},"29":{"start":{"line":292,"column":18},"end":{"line":292,"column":69}},"30":{"start":{"line":295,"column":4},"end":{"line":295,"column":27}},"31":{"start":{"line":302,"column":8},"end":{"line":302,"column":27}},"32":{"start":{"line":306,"column":8},"end":{"line":306,"column":26}},"33":{"start":{"line":324,"column":4},"end":{"line":324,"column":52}},"34":{"start":{"line":329,"column":4},"end":{"line":329,"column":15}},"35":{"start":{"line":341,"column":4},"end":{"line":341,"column":38}}},"fnMap":{"0":{"name":"getUser","decl":{"start":{"line":142,"column":9},"end":{"line":142,"column":16}},"loc":{"start":{"line":142,"column":16},"end":{"line":144,"column":1}}},"1":{"name":"logMessage","decl":{"start":{"line":154,"column":9},"end":{"line":154,"column":19}},"loc":{"start":{"line":154,"column":49},"end":{"line":154,"column":52}}},"2":{"name":"callLogger","decl":{"start":{"line":158,"column":9},"end":{"line":158,"column":19}},"loc":{"start":{"line":158,"column":45},"end":{"line":160,"column":1}}},"3":{"name":"(anonymous_10)","decl":{"start":{"line":168,"column":4},"end":{"line":168,"column":23}},"loc":{"start":{"line":168,"column":55},"end":{"line":168,"column":58}}},"4":{"name":"identity","decl":{"start":{"line":176,"column":9},"end":{"line":176,"column":17}},"loc":{"start":{"line":176,"column":29},"end":{"line":178,"column":1}}},"5":{"name":"merge","decl":{"start":{"line":185,"column":16},"end":{"line":185,"column":21}},"loc":{"start":{"line":185,"column":44},"end":{"line":187,"column":1}}},"6":{"name":"getLength","decl":{"start":{"line":203,"column":9},"end":{"line":203,"column":18}},"loc":{"start":{"line":203,"column":54},"end":{"line":205,"column":1}}},"7":{"name":"getProperty","decl":{"start":{"line":225,"column":16},"end":{"line":225,"column":27}},"loc":{"start":{"line":225,"column":64},"end":{"line":227,"column":1}}},"8":{"name":"fetchData","decl":{"start":{"line":231,"column":15},"end":{"line":231,"column":24}},"loc":{"start":{"line":231,"column":38},"end":{"line":235,"column":null}}},"9":{"name":"(anonymous_17)","decl":{"start":{"line":276,"column":4},"end":{"line":276,"column":16}},"loc":{"start":{"line":276,"column":24},"end":{"line":278,"column":5}}},"10":{"name":"(anonymous_18)","decl":{"start":{"line":280,"column":4},"end":{"line":280,"column":12}},"loc":{"start":{"line":280,"column":12},"end":{"line":282,"column":5}}},"11":{"name":"createBox","decl":{"start":{"line":294,"column":9},"end":{"line":294,"column":18}},"loc":{"start":{"line":294,"column":30},"end":{"line":296,"column":1}}},"12":{"name":"(anonymous_20)","decl":{"start":{"line":301,"column":4},"end":{"line":301,"column":16}},"loc":{"start":{"line":301,"column":24},"end":{"line":303,"column":5}}},"13":{"name":"(anonymous_21)","decl":{"start":{"line":305,"column":4},"end":{"line":305,"column":12}},"loc":{"start":{"line":305,"column":12},"end":{"line":307,"column":5}}},"14":{"name":"filterObject","decl":{"start":{"line":323,"column":16},"end":{"line":323,"column":28}},"loc":{"start":{"line":323,"column":97},"end":{"line":325,"column":1}}},"15":{"name":"identityPerson","decl":{"start":{"line":328,"column":16},"end":{"line":328,"column":30}},"loc":{"start":{"line":328,"column":40},"end":{"line":330,"column":1}}},"16":{"name":"executeProcess","decl":{"start":{"line":340,"column":16},"end":{"line":340,"column":30}},"loc":{"start":{"line":340,"column":57},"end":{"line":342,"column":1}}}},"branchMap":{},"s":{"0":1,"1":1,"2":1,"3":1,"4":1,"5":1,"6":1,"7":1,"8":1,"9":1,"10":1,"11":1,"12":1,"13":1,"14":0,"15":1,"16":0,"17":0,"18":0,"19":0,"20":3,"21":0,"22":4,"23":1,"24":0,"25":0,"26":2,"27":0,"28":1,"29":1,"30":0,"31":0,"32":0,"33":4,"34":3,"35":3},"f":{"0":0,"1":0,"2":0,"3":0,"4":0,"5":3,"6":0,"7":4,"8":0,"9":2,"10":0,"11":0,"12":0,"13":0,"14":4,"15":3,"16":3},"b":{}}
}
