TN:
SF:typescript.ts\GenericConcepts.ts
FN:10,swap
FN:14,getFirstElement
FNF:2
FNH:2
FNDA:2,swap
FNDA:2,getFirstElement
DA:10,1
DA:11,2
DA:14,1
DA:15,2
LF:4
LH:4
BRF:0
BRH:0
end_of_record
TN:
SF:typescript.ts\conceptOfTs.ts
FN:142,getUser
FN:154,logMessage
FN:158,callLogger
FN:168,(anonymous_10)
FN:176,identity
FN:185,merge
FN:203,getLength
FN:225,getProperty
FN:231,fetchData
FN:276,(anonymous_17)
FN:280,(anonymous_18)
FN:294,createBox
FN:301,(anonymous_20)
FN:305,(anonymous_21)
FN:323,filterObject
FN:328,identityPerson
FN:340,executeProcess
FNF:17
FNH:6
FNDA:0,getUser
FNDA:0,logMessage
FNDA:0,callLogger
FNDA:0,(anonymous_10)
FNDA:0,identity
FNDA:3,merge
FNDA:0,getLength
FNDA:4,getProperty
FNDA:0,fetchData
FNDA:2,(anonymous_17)
FNDA:0,(anonymous_18)
FNDA:0,createBox
FNDA:0,(anonymous_20)
FNDA:0,(anonymous_21)
FNDA:4,filterObject
FNDA:3,identityPerson
FNDA:3,executeProcess
DA:15,1
DA:47,1
DA:62,1
DA:79,1
DA:95,1
DA:111,1
DA:123,1
DA:130,1
DA:138,1
DA:143,0
DA:148,1
DA:159,0
DA:168,0
DA:177,0
DA:185,1
DA:186,3
DA:204,0
DA:225,1
DA:226,4
DA:229,1
DA:232,0
DA:233,0
DA:277,2
DA:281,0
DA:291,1
DA:292,1
DA:295,0
DA:302,0
DA:306,0
DA:323,1
DA:324,4
DA:328,1
DA:329,3
DA:340,1
DA:341,3
LF:35
LH:24
BRF:0
BRH:0
end_of_record
